\BOOKMARK [1][-]{section.1}{\376\377\000I\000n\000t\000r\000o\000d\000u\000c\000t\000i\000o\000n}{}% 1
\BOOKMARK [2][-]{subsection.1.1}{\376\377\000B\000a\000c\000k\000g\000r\000o\000u\000n\000d}{section.1}% 2
\BOOKMARK [2][-]{subsection.1.2}{\376\377\000C\000o\000n\000t\000r\000i\000b\000u\000t\000i\000o\000n\000s}{section.1}% 3
\BOOKMARK [2][-]{subsection.1.3}{\376\377\000W\000h\000a\000t\000\040\000T\000h\000i\000s\000\040\000P\000a\000p\000e\000r\000\040\000I\000s\000\040\000N\000o\000t}{section.1}% 4
\BOOKMARK [1][-]{section.2}{\376\377\000D\000i\000g\000i\000t\000\040\000C\000o\000n\000v\000o\000l\000u\000t\000i\000o\000n\000\040\000F\000o\000r\000m\000u\000l\000a\000t\000i\000o\000n}{}% 5
\BOOKMARK [2][-]{subsection.2.1}{\376\377\000B\000a\000s\000e\000-\000b\000\040\000D\000i\000g\000i\000t\000\040\000D\000e\000c\000o\000m\000p\000o\000s\000i\000t\000i\000o\000n}{section.2}% 6
\BOOKMARK [2][-]{subsection.2.2}{\376\377\000C\000o\000n\000v\000o\000l\000u\000t\000i\000o\000n\000\040\000C\000o\000e\000f\000f\000i\000c\000i\000e\000n\000t\000s}{section.2}% 7
\BOOKMARK [2][-]{subsection.2.3}{\376\377\000C\000a\000r\000r\000y\000\040\000P\000r\000o\000p\000a\000g\000a\000t\000i\000o\000n}{section.2}% 8
\BOOKMARK [2][-]{subsection.2.4}{\376\377\000T\000h\000e\000\040\000C\000o\000n\000s\000t\000r\000a\000i\000n\000t\000\040\000S\000y\000s\000t\000e\000m}{section.2}% 9
\BOOKMARK [2][-]{subsection.2.5}{\376\377\000C\000o\000n\000n\000e\000c\000t\000i\000o\000n\000\040\000t\000o\000\040\000P\000o\000l\000y\000n\000o\000m\000i\000a\000l\000\040\000F\000a\000c\000t\000o\000r\000i\000n\000g}{section.2}% 10
\BOOKMARK [1][-]{section.3}{\376\377\000S\000M\000T\000\040\000E\000n\000c\000o\000d\000i\000n\000g}{}% 11
\BOOKMARK [2][-]{subsection.3.1}{\376\377\000B\000i\000t\000v\000e\000c\000t\000o\000r\000\040\000E\000n\000c\000o\000d\000i\000n\000g\000\040\000i\000n\000\040\000Z\0003}{section.3}% 12
\BOOKMARK [2][-]{subsection.3.2}{\376\377\000B\000a\000s\000e\000\040\000a\000s\000\040\000a\000\040\000T\000u\000n\000a\000b\000l\000e\000\040\000P\000a\000r\000a\000m\000e\000t\000e\000r}{section.3}% 13
\BOOKMARK [1][-]{section.4}{\376\377\000E\000x\000p\000e\000r\000i\000m\000e\000n\000t\000a\000l\000\040\000R\000e\000s\000u\000l\000t\000s}{}% 14
\BOOKMARK [2][-]{subsection.4.1}{\376\377\000B\000a\000s\000e\000\040\000S\000w\000e\000e\000p}{section.4}% 15
\BOOKMARK [2][-]{subsection.4.2}{\376\377\000M\000u\000l\000t\000i\000-\000I\000n\000s\000t\000a\000n\000c\000e\000\040\000S\000t\000a\000t\000i\000s\000t\000i\000c\000s}{section.4}% 16
\BOOKMARK [2][-]{subsection.4.3}{\376\377\000S\000c\000a\000l\000i\000n\000g\000\040\000L\000a\000w\000s}{section.4}% 17
\BOOKMARK [2][-]{subsection.4.4}{\376\377\000L\000e\000a\000k\000e\000d\000\040\000B\000i\000t\000s}{section.4}% 18
\BOOKMARK [1][-]{section.5}{\376\377\000L\000a\000t\000t\000i\000c\000e\000\040\000S\000t\000r\000u\000c\000t\000u\000r\000e\000\040\000a\000n\000d\000\040\000t\000h\000e\000\040\000R\000a\000n\000k\000-\0001\000\040\000B\000a\000r\000r\000i\000e\000r}{}% 19
\BOOKMARK [2][-]{subsection.5.1}{\376\377\000C\000a\000r\000r\000y\000\040\000P\000r\000o\000p\000a\000g\000a\000t\000i\000o\000n\000\040\000a\000s\000\040\000a\000\040\000L\000i\000n\000e\000a\000r\000\040\000S\000y\000s\000t\000e\000m}{section.5}% 20
\BOOKMARK [2][-]{subsection.5.2}{\376\377\000L\000a\000t\000t\000i\000c\000e\000\040\000F\000o\000r\000m\000u\000l\000a\000t\000i\000o\000n}{section.5}% 21
\BOOKMARK [2][-]{subsection.5.3}{\376\377\000T\000h\000e\000\040\000R\000a\000n\000k\000-\0001\000\040\000C\000o\000n\000s\000t\000r\000a\000i\000n\000t}{section.5}% 22
\BOOKMARK [2][-]{subsection.5.4}{\376\377\000W\000h\000y\000\040\000L\000L\000L\000\040\000W\000o\000r\000k\000s\000\040\000f\000o\000r\000\040\000P\000o\000l\000y\000n\000o\000m\000i\000a\000l\000\040\000F\000a\000c\000t\000o\000r\000i\000n\000g}{section.5}% 23
\BOOKMARK [2][-]{subsection.5.5}{\376\377\000S\000D\000P\000\040\000R\000e\000l\000a\000x\000a\000t\000i\000o\000n\000\040\000F\000a\000i\000l\000u\000r\000e}{section.5}% 24
\BOOKMARK [2][-]{subsection.5.6}{\376\377\000L\000a\000s\000s\000e\000r\000r\000e\000/\000S\000O\000S\000\040\000H\000i\000e\000r\000a\000r\000c\000h\000y\000:\000\040\000D\000e\000g\000r\000e\000e\000-\0004\000\040\000T\000i\000g\000h\000t\000n\000e\000s\000s\000\040\000a\000n\000d\000\040\000t\000h\000e\000\040\000R\000o\000u\000n\000d\000i\000n\000g\000\040\000B\000a\000r\000r\000i\000e\000r}{section.5}% 25
\BOOKMARK [2][-]{subsection.5.7}{\376\377\000E\000x\000a\000c\000t\000\040\000L\000a\000t\000t\000i\000c\000e\000\040\000P\000o\000i\000n\000t\000\040\000C\000o\000u\000n\000t\000s}{section.5}% 26
\BOOKMARK [1][-]{section.6}{\376\377\000R\000e\000s\000t\000r\000i\000c\000t\000e\000d\000-\000M\000o\000d\000e\000l\000\040\000L\000o\000w\000e\000r\000\040\000B\000o\000u\000n\000d\000s}{}% 27
\BOOKMARK [2][-]{subsection.6.1}{\376\377\000F\000o\000r\000m\000a\000l\000\040\000M\000o\000d\000e\000l}{section.6}% 28
\BOOKMARK [2][-]{subsection.6.2}{\376\377\000M\000a\000i\000n\000\040\000R\000e\000s\000u\000l\000t\000:\000\040\000R\000a\000n\000k\000-\0001\000\040\000S\000p\000a\000r\000s\000i\000t\000y}{section.6}% 29
\BOOKMARK [2][-]{subsection.6.3}{\376\377\000O\000r\000a\000c\000l\000e\000\040\000L\000o\000w\000e\000r\000\040\000B\000o\000u\000n\000d\000s}{section.6}% 30
\BOOKMARK [2][-]{subsection.6.4}{\376\377\000B\000a\000r\000r\000i\000e\000r\000s}{section.6}% 31
\BOOKMARK [1][-]{section.7}{\376\377\000R\000e\000l\000a\000t\000e\000d\000\040\000W\000o\000r\000k}{}% 32
\BOOKMARK [1][-]{section.8}{\376\377\000D\000i\000s\000c\000u\000s\000s\000i\000o\000n\000\040\000a\000n\000d\000\040\000F\000u\000t\000u\000r\000e\000\040\000W\000o\000r\000k}{}% 33
\BOOKMARK [2][-]{subsection.8.1}{\376\377\000T\000h\000e\000\040\000F\000r\000a\000m\000e\000w\000o\000r\000k}{section.8}% 34
\BOOKMARK [2][-]{subsection.8.2}{\376\377\000H\000o\000n\000e\000s\000t\000\040\000A\000s\000s\000e\000s\000s\000m\000e\000n\000t}{section.8}% 35
\BOOKMARK [2][-]{subsection.8.3}{\376\377\000F\000u\000t\000u\000r\000e\000\040\000D\000i\000r\000e\000c\000t\000i\000o\000n\000s}{section.8}% 36
\BOOKMARK [1][-]{appendix.A}{\376\377\000R\000u\000s\000t\000\040\000P\000o\000r\000t\000\040\000P\000e\000r\000f\000o\000r\000m\000a\000n\000c\000e}{}% 37
